<?xml version="1.0" encoding="UTF-8"?>
<testsuite xmlns:xsi="http://www.w3.org/2001/XMLSchema-instance" xsi:noNamespaceSchemaLocation="https://maven.apache.org/surefire/maven-surefire-plugin/xsd/surefire-test-report-3.0.xsd" version="3.0" name="me.Usuario.se.database.MainTest" time="2.582" tests="4" errors="0" skipped="0" failures="0">
  <properties>
[...]
</properties>
  <testcase name="testSimpleGreet" classname="me.Usuario.se.database.MainTest" time="0.337">
    <system-out><![CDATA[2023.01.12 10:27:47 INFO io.helidon.common.LogConfig Thread[main,5,main]: Logging at initialization configured using C:\Users\Usuario\Desktop\database-se\target\classes\logging.properties
2023.01.12 10:27:47 INFO com.zaxxer.hikari.HikariDataSource Thread[main,5,main]: h2 - Starting...
2023.01.12 10:27:47 INFO com.zaxxer.hikari.HikariDataSource Thread[main,5,main]: h2 - Start completed.
2023.01.12 10:27:48 INFO io.helidon.common.HelidonFeatures Thread[features-thread,5,main]: Helidon SE 3.1.0 features: [Config, Db Client, Fault Tolerance, Health, Metrics, Tracing, Web Client, WebServer]
2023.01.12 10:27:49 INFO io.helidon.webserver.NettyWebServer Thread[nioEventLoopGroup-2-1,10,main]: Channel '@default' started: [id: 0x8d6eb33a, L:/[0:0:0:0:0:0:0:0]:8080]
Database here : http://localhost:8080/pokemon
2023.01.12 10:27:49 INFO me.Usuario.se.database.SimpleGreetService Thread[nioEventLoopGroup-3-1,10,main]: Greeting message is Hello World!
]]></system-out>
  </testcase>
  <testcase name="testMetrics" classname="me.Usuario.se.database.MainTest" time="0.055"/>
  <testcase name="testHealth" classname="me.Usuario.se.database.MainTest" time="0.056"/>
  <testcase name="testMicroprofileMetrics" classname="me.Usuario.se.database.MainTest" time="0.036">
    <system-out><![CDATA[2023.01.12 10:27:49 INFO me.Usuario.se.database.SimpleGreetService Thread[nioEventLoopGroup-3-2,10,main]: Greeting message is Hello World!
]]></system-out>
  </testcase>
</testsuite>